  Validation des sources
  Copie des sources à distance vers '10.187.52.122'
  Validation de l'architecture
  Validation de l'architecture
C:\Program Files\Microsoft Visual Studio\2022\Community\MSBuild\Microsoft\VC\v170\Application Type\Linux\1.0\Linux.targets(400,5): error : La tâche a tenté d'ouvrir une session avant d'être initialisée. Le message était le suivant : Le format du chemin d'accès donné n'est pas pris en charge.
C:\Program Files\Microsoft Visual Studio\2022\Community\MSBuild\Microsoft\VC\v170\Application Type\Linux\1.0\Linux.targets(400,5): error :    à System.Security.Permissions.FileIOPermission.EmulateFileIOPermissionChecks(String fullPath)
C:\Program Files\Microsoft Visual Studio\2022\Community\MSBuild\Microsoft\VC\v170\Application Type\Linux\1.0\Linux.targets(400,5): error :    à System.Security.Permissions.FileIOPermission.QuickDemand(FileIOPermissionAccess access, String fullPath, Boolean checkForDuplicates, Boolean needFullPath)
C:\Program Files\Microsoft Visual Studio\2022\Community\MSBuild\Microsoft\VC\v170\Application Type\Linux\1.0\Linux.targets(400,5): error :    à Microsoft.Build.Linux.Shared.LocalRemotePathTranslator.TranslateLocalPathFallback(String sourceFileName)
C:\Program Files\Microsoft Visual Studio\2022\Community\MSBuild\Microsoft\VC\v170\Application Type\Linux\1.0\Linux.targets(400,5): error :    à Microsoft.Build.Linux.Shared.LocalRemotePathTranslator.TranslateLocalPathToRemotePath(String sourceFileName)
C:\Program Files\Microsoft Visual Studio\2022\Community\MSBuild\Microsoft\VC\v170\Application Type\Linux\1.0\Linux.targets(400,5): error :    à Microsoft.Build.Linux.Shared.PathUtils.TranslatePaths(String[] includePaths, LocalRemotePathTranslator translator)
C:\Program Files\Microsoft Visual Studio\2022\Community\MSBuild\Microsoft\VC\v170\Application Type\Linux\1.0\Linux.targets(400,5): error :    à Microsoft.Build.Linux.Shared.PathUtils.TranslatePaths(String[] includePaths, IPathTranslator translator)
C:\Program Files\Microsoft Visual Studio\2022\Community\MSBuild\Microsoft\VC\v170\Application Type\Linux\1.0\Linux.targets(400,5): error :    à Microsoft.Build.Linux.Tasks.MakeClCommandLine.PostProcessSwitchList()
C:\Program Files\Microsoft Visual Studio\2022\Community\MSBuild\Microsoft\VC\v170\Application Type\Linux\1.0\Linux.targets(400,5): error :    à Microsoft.Build.CPPTasks.VCToolTask.GenerateResponseFileCommandsExceptSwitches(String[] switchesToRemove, CommandLineFormat format, EscapeFormat escapeFormat)
C:\Program Files\Microsoft Visual Studio\2022\Community\MSBuild\Microsoft\VC\v170\Application Type\Linux\1.0\Linux.targets(400,5): error :    à Microsoft.Build.Linux.Tasks.MakeClCommandLine.ExecuteTool()
C:\Program Files\Microsoft Visual Studio\2022\Community\MSBuild\Microsoft\VC\v170\Application Type\Linux\1.0\Linux.targets(400,5): error :    à Microsoft.Build.Linux.Tasks.RemoteToolTask.Execute()
C:\Program Files\Microsoft Visual Studio\2022\Community\MSBuild\Microsoft\VC\v170\Application Type\Linux\1.0\Linux.targets(400,5): error :    à Microsoft.Build.Shared.ErrorUtilities.ThrowInvalidOperation(String resourceName, Object[] args)
C:\Program Files\Microsoft Visual Studio\2022\Community\MSBuild\Microsoft\VC\v170\Application Type\Linux\1.0\Linux.targets(400,5): error :    à Microsoft.Build.Utilities.TaskLoggingHelper.LogError(String subcategory, String errorCode, String helpKeyword, String helpLink, String file, Int32 lineNumber, Int32 columnNumber, Int32 endLineNumber, Int32 endColumnNumber, String message, Object[] messageArgs)
C:\Program Files\Microsoft Visual Studio\2022\Community\MSBuild\Microsoft\VC\v170\Application Type\Linux\1.0\Linux.targets(400,5): error :    à Microsoft.Build.Utilities.TaskLoggingHelper.LogErrorFromException(Exception exception, Boolean showStackTrace, Boolean showDetail, String file)
C:\Program Files\Microsoft Visual Studio\2022\Community\MSBuild\Microsoft\VC\v170\Application Type\Linux\1.0\Linux.targets(400,5): error :    à Microsoft.Build.Utilities.TaskLoggingHelper.LogErrorFromException(Exception exception, Boolean showStackTrace)
C:\Program Files\Microsoft Visual Studio\2022\Community\MSBuild\Microsoft\VC\v170\Application Type\Linux\1.0\Linux.targets(400,5): error :    à Microsoft.Build.Linux.Tasks.RemoteToolTask.Execute()
C:\Program Files\Microsoft Visual Studio\2022\Community\MSBuild\Microsoft\VC\v170\Application Type\Linux\1.0\Linux.targets(400,5): error :    à Microsoft.Build.Linux.Tasks.MultiMakeCl.ExecuteTool()
C:\Program Files\Microsoft Visual Studio\2022\Community\MSBuild\Microsoft\VC\v170\Application Type\Linux\1.0\Linux.targets(400,5): error :    à Microsoft.Build.Linux.Tasks.RemoteToolTask.Execute()
